<?xml version="1.1" encoding="UTF-8"?>
<testsuite name="org.codemash.RomanNumeralTest" tests="18" failures="0" errors="0" timestamp="2013-12-18T18:09:16" hostname="Leandogs-MacBook-Pro-3.local" time="0.007">
  <properties/>
  <testcase name="converts10ToX" classname="org.codemash.RomanNumeralTest" time="0.001"/>
  <testcase name="converts2ToII" classname="org.codemash.RomanNumeralTest" time="0.0"/>
  <testcase name="converts4ToIV" classname="org.codemash.RomanNumeralTest" time="0.0"/>
  <testcase name="converts6ToVI" classname="org.codemash.RomanNumeralTest" time="0.0"/>
  <testcase name="converts9ToIX" classname="org.codemash.RomanNumeralTest" time="0.0"/>
  <testcase name="converts1000ToCM" classname="org.codemash.RomanNumeralTest" time="0.0"/>
  <testcase name="converts2999ToMMCMXCIX" classname="org.codemash.RomanNumeralTest" time="0.0"/>
  <testcase name="converts400ToCD" classname="org.codemash.RomanNumeralTest" time="0.0"/>
  <testcase name="converts1ToI" classname="org.codemash.RomanNumeralTest" time="0.0"/>
  <testcase name="converts5ToV" classname="org.codemash.RomanNumeralTest" time="0.0"/>
  <testcase name="converts900ToCM" classname="org.codemash.RomanNumeralTest" time="0.0"/>
  <testcase name="converts100ToC" classname="org.codemash.RomanNumeralTest" time="0.0"/>
  <testcase name="converts11ToXI" classname="org.codemash.RomanNumeralTest" time="0.0"/>
  <testcase name="converts40ToXL" classname="org.codemash.RomanNumeralTest" time="0.0"/>
  <testcase name="converts3ToIII" classname="org.codemash.RomanNumeralTest" time="0.0"/>
  <testcase name="converts500ToD" classname="org.codemash.RomanNumeralTest" time="0.0"/>
  <testcase name="converts50ToXL" classname="org.codemash.RomanNumeralTest" time="0.0"/>
  <testcase name="converts90ToXC" classname="org.codemash.RomanNumeralTest" time="0.0"/>
  <system-out><![CDATA[]]></system-out>
  <system-err><![CDATA[]]></system-err>
</testsuite>
